<?xml version="1.0" encoding="UTF-8"?>
<!-- Generated by org.testng.reporters.JUnitXMLReporter -->
<testsuite hostname="ojt5-PC" name="Test" tests="1" failures="1" timestamp="23 Dec 2019 04:23:40 GMT" time="170.196" errors="0">
  <testcase name="ERP_Test" time="170.18" classname="DriverFactory.DriverScript">
    <failure type="java.lang.NullPointerException">
      <![CDATA[java.lang.NullPointerException
	at Utilities.ExcelFileUtil.getCellData(ExcelFileUtil.java:39)
	at DriverFactory.DriverScript.ERP_Test(DriverScript.java:32)
... Removed 23 stack frames]]>
    </failure>
  </testcase> <!-- ERP_Test -->
</testsuite> <!-- Test -->
